DEB [20080423-14:08:42.209] thr=1   paramiko.transport: starting thread (client mode): 0xE35CF0L
INF [20080423-14:08:42.474] thr=1   paramiko.transport: Connected (version 1.99, client OpenSSH_3.9p1)
DEB [20080423-14:08:42.599] thr=1   paramiko.transport: kex algos:['diffie-hellman-group-exchange-sha1', 'diffie-hellman-group14-sha1', 'diffie-hellman-group1-sha1'] server key:['ssh-rsa', 'ssh-dss'] client encrypt:['aes128-cbc', '3des-cbc', 'blowfish-cbc', 'cast128-cbc', 'arcfour', 'aes192-cbc', 'aes256-cbc', 'rijndael-cbc@lysator.liu.se', 'aes128-ctr', 'aes192-ctr', 'aes256-ctr'] server encrypt:['aes128-cbc', '3des-cbc', 'blowfish-cbc', 'cast128-cbc', 'arcfour', 'aes192-cbc', 'aes256-cbc', 'rijndael-cbc@lysator.liu.se', 'aes128-ctr', 'aes192-ctr', 'aes256-ctr'] client mac:['hmac-md5', 'hmac-sha1', 'hmac-ripemd160', 'hmac-ripemd160@openssh.com', 'hmac-sha1-96', 'hmac-md5-96'] server mac:['hmac-md5', 'hmac-sha1', 'hmac-ripemd160', 'hmac-ripemd160@openssh.com', 'hmac-sha1-96', 'hmac-md5-96'] client compress:['none', 'zlib'] server compress:['none', 'zlib'] client lang:[''] server lang:[''] kex follows?False
DEB [20080423-14:08:42.615] thr=1   paramiko.transport: Ciphers agreed: local=aes128-cbc, remote=aes128-cbc
DEB [20080423-14:08:42.615] thr=1   paramiko.transport: using kex diffie-hellman-group1-sha1; server key type ssh-rsa; cipher: local aes128-cbc, remote aes128-cbc; mac: local hmac-sha1, remote hmac-sha1; compression: local none, remote none
DEB [20080423-14:08:43.022] thr=1   paramiko.transport: Switch to new keys ...
DEB [20080423-14:08:43.022] thr=2   paramiko.transport: Attempting password auth...
DEB [20080423-14:08:43.131] thr=1   paramiko.transport: userauth is OK
INF [20080423-14:08:43.599] thr=1   paramiko.transport: Authentication (password) successful!
DEB [20080423-14:08:43.599] thr=2   paramiko.transport.1: Max packet in: 34816 bytes
DEB [20080423-14:08:44.147] thr=1   paramiko.transport.1: Max packet out: 32768 bytes
INF [20080423-14:08:44.147] thr=1   paramiko.transport: Secsh channel 1 opened.
DEB [20080423-14:08:44.490] thr=1   paramiko.transport.1: Sesch channel 1 request ok
INF [20080423-14:08:44.819] thr=2   paramiko.transport.1.sftp: Opened sftp connection (server version 3)
DEB [20080423-14:08:44.835] thr=2   paramiko.transport.1.sftp: listdir('/magma/scm-release/submissions')
DEB [20080423-14:08:48.427] thr=2   paramiko.transport.1: EOF sent (1)
DEB [20080423-14:09:11.069] thr=1   paramiko.transport: Ignoring message for dead channel 1
DEB [20080423-14:09:11.069] thr=1   paramiko.transport: Ignoring message for dead channel 1
DEB [20080423-14:09:11.069] thr=1   paramiko.transport: Ignoring message for dead channel 1
DEB [20080423-14:09:11.335] thr=3   paramiko.transport: starting thread (client mode): 0xCD03F0L
INF [20080423-14:09:11.398] thr=3   paramiko.transport: Connected (version 1.99, client OpenSSH_3.9p1)
DEB [20080423-14:09:11.414] thr=3   paramiko.transport: kex algos:['diffie-hellman-group-exchange-sha1', 'diffie-hellman-group14-sha1', 'diffie-hellman-group1-sha1'] server key:['ssh-rsa', 'ssh-dss'] client encrypt:['aes128-cbc', '3des-cbc', 'blowfish-cbc', 'cast128-cbc', 'arcfour', 'aes192-cbc', 'aes256-cbc', 'rijndael-cbc@lysator.liu.se', 'aes128-ctr', 'aes192-ctr', 'aes256-ctr'] server encrypt:['aes128-cbc', '3des-cbc', 'blowfish-cbc', 'cast128-cbc', 'arcfour', 'aes192-cbc', 'aes256-cbc', 'rijndael-cbc@lysator.liu.se', 'aes128-ctr', 'aes192-ctr', 'aes256-ctr'] client mac:['hmac-md5', 'hmac-sha1', 'hmac-ripemd160', 'hmac-ripemd160@openssh.com', 'hmac-sha1-96', 'hmac-md5-96'] server mac:['hmac-md5', 'hmac-sha1', 'hmac-ripemd160', 'hmac-ripemd160@openssh.com', 'hmac-sha1-96', 'hmac-md5-96'] client compress:['none', 'zlib'] server compress:['none', 'zlib'] client lang:[''] server lang:[''] kex follows?False
DEB [20080423-14:09:11.414] thr=3   paramiko.transport: Ciphers agreed: local=aes128-cbc, remote=aes128-cbc
DEB [20080423-14:09:11.414] thr=3   paramiko.transport: using kex diffie-hellman-group1-sha1; server key type ssh-rsa; cipher: local aes128-cbc, remote aes128-cbc; mac: local hmac-sha1, remote hmac-sha1; compression: local none, remote none
DEB [20080423-14:09:11.664] thr=3   paramiko.transport: Switch to new keys ...
DEB [20080423-14:09:11.664] thr=2   paramiko.transport: Attempting password auth...
DEB [20080423-14:09:11.694] thr=3   paramiko.transport: userauth is OK
INF [20080423-14:09:11.710] thr=3   paramiko.transport: Authentication (password) successful!
DEB [20080423-14:09:11.742] thr=2   paramiko.transport.1: Max packet in: 34816 bytes
DEB [20080423-14:09:11.803] thr=3   paramiko.transport.1: Max packet out: 32768 bytes
INF [20080423-14:09:11.803] thr=3   paramiko.transport: Secsh channel 1 opened.
DEB [20080423-14:09:11.819] thr=3   paramiko.transport.1: Sesch channel 1 request ok
INF [20080423-14:09:11.835] thr=2   paramiko.transport.1.sftp: Opened sftp connection (server version 3)
DEB [20080423-14:09:11.835] thr=2   paramiko.transport.1.sftp: listdir('/local/sfscript/SCM2/submissions')
DEB [20080423-14:09:11.898] thr=2   paramiko.transport.1: EOF sent (1)
